log started: Thu Jun  8 11:48:46 2023

Log file: ./leap.log
>> #
>> # ----- leaprc for loading the ff15ipq and ff15ipq-m force fields
>> #       See A.T. Bogetti, H.E. Piston, J.M. G. Leung, C.C. Cabalteja, 
>> #       D.T. Yang, A.J. DeGrave, K.T. Debiec, D.S. Cerutti, D.A. Case, 
>> #       W.S. Horne, and L.T. Chong. A Twist in the Road Less Traveled: 
>> #       The AMBER ff15ipq-m Force Field for Protein Mimetics. 
>> #       J. Chem. Phys. 153, 064101 (2020). 
>> #
>> # ----- NOTE: this is designed for PDB format 3!
>> #       ff15ipq Version 10.3, solvated:
>> #         Charges fit with H sigma=1.3 and SPC/Eb, backbone charges held equal
>> #        
>> #         vdw (LJEDITs removed, H sigma=1.3, ARG side chain TH sigma=1.5)
>> #         torsions generation 6 (0 ff14ipq, ALAPROALA,
>> #                                1 dipeptides,
>> #                                2 XXXGLY & GLYXXX tripeptides,
>> #                                3 XXXPRO & PROXXX tripeptides)
>> #                                4 charged tripeptides)
>> #                                5 more charged tripeptides and termini
>> #                                6 angle peptides and more termini)
>> #         Parm cleaned up extensively
>> #         Torsion phases restored to 0 and 180 degrees
>> #         Backbone CNA, HNA, NAC, ACN, and ACO angles fit
>> #         Additional assorted updates to bonded parameters and types
>> #         The SPC/Eb water model was used to derive partial charges
>> #           for this force field
>> #
>> #	load atom type hybridizations
>> #
>> addAtomTypes {
>> 	{ "H"   "H"  "sp3" }
>> 	{ "HO"  "H"  "sp3" }
>> 	{ "HS"  "H"  "sp3" }
>> 	{ "H1"  "H"  "sp3" }
>> 	{ "H2"  "H"  "sp3" }
>> 	{ "H3"  "H"  "sp3" }
>> 	{ "H4"  "H"  "sp3" }
>> 	{ "H5"  "H"  "sp3" }
>> 	{ "HW"  "H"  "sp3" }
>> 	{ "HC"  "H"  "sp3" }
>> 	{ "HA"  "H"  "sp3" }
>> 	{ "HP"  "H"  "sp3" }
>> 	{ "HZ"  "H"  "sp3" }
>> 	{ "TH"  "H"  "sp3" }
>> 	{ "OH"  "O"  "sp3" }
>> 	{ "OS"  "O"  "sp3" }
>> 	{ "O"   "O"  "sp2" }
>> 	{ "OD"  "O"  "sp2" }
>> 	{ "O2"  "O"  "sp2" }
>> 	{ "O3"  "O"  "sp2" }
>> 	{ "OP"  "O"  "sp2" }
>> 	{ "OW"  "O"  "sp3" }
>> 	{ "OA"  "O"  "sp3" }
>> 	{ "CT"  "C"  "sp3" }
>> 	{ "CX"  "C"  "sp3" }
>> 	{ "TJ"  "C"  "sp3" }
>> 	{ "TG"  "C"  "sp3" }
>> 	{ "TM"  "C"  "sp3" }
>> 	{ "TP"  "C"  "sp3" }
>> 	{ "C8"  "C"  "sp3" }
>> 	{ "2C"  "C"  "sp3" }
>> 	{ "3C"  "C"  "sp3" }
>> 	{ "TA"  "C"  "sp3" }
>> 	{ "CH"  "C"  "sp3" }
>> 	{ "CS"  "C"  "sp2" }
>> 	{ "C"   "C"  "sp2" }
>> 	{ "CO"  "C"  "sp2" }
>> 	{ "C*"  "C"  "sp2" }
>> 	{ "CA"  "C"  "sp2" }
>> 	{ "CB"  "C"  "sp2" }
>> 	{ "CC"  "C"  "sp2" }
>> 	{ "CN"  "C"  "sp2" }
>> 	{ "CM"  "C"  "sp2" }
>> 	{ "CK"  "C"  "sp2" }
>> 	{ "CQ"  "C"  "sp2" }
>> 	{ "CD"  "C"  "sp2" }
>> 	{ "C5"  "C"  "sp2" }
>> 	{ "C4"  "C"  "sp2" }
>> 	{ "CP"  "C"  "sp2" }
>> 	{ "CI"  "C"  "sp3" }
>> 	{ "CJ"  "C"  "sp2" }
>> 	{ "CW"  "C"  "sp2" }
>> 	{ "CV"  "C"  "sp2" }
>> 	{ "CR"  "C"  "sp2" }
>> 	{ "CA"  "C"  "sp2" }
>> 	{ "CY"  "C"  "sp2" }
>> 	{ "C0"  "Ca" "sp3" }
>> 	{ "MG"  "Mg" "sp3" }
>> 	{ "N"   "N"  "sp2" }
>> 	{ "NA"  "N"  "sp2" }
>> 	{ "N2"  "N"  "sp2" }
>> 	{ "N*"  "N"  "sp2" }
>> 	{ "NP"  "N"  "sp2" }
>> 	{ "NQ"  "N"  "sp2" }
>> 	{ "NB"  "N"  "sp2" }
>> 	{ "NC"  "N"  "sp2" }
>> 	{ "TN"  "N"  "sp2" }
>> 	{ "NT"  "N"  "sp3" }
>> 	{ "NY"  "N"  "sp2" }
>> 	{ "N3"  "N"  "sp3" }
>> 	{ "NL"  "N"  "sp3" }
>> 	{ "ND"  "N"  "sp3" }
>> 	{ "S"   "S"  "sp3" }
>> 	{ "SH"  "S"  "sp3" }
>> 	{ "P"   "P"  "sp3" }
>> 	{ "LP"  ""   "sp3" }
>> 	{ "EP"  ""   "sp3" }
>> 	{ "F"   "F"  "sp3" }
>> 	{ "Cl"  "Cl" "sp3" }
>> 	{ "Br"  "Br" "sp3" }
>> 	{ "I"   "I"  "sp3" }
>> 	{ "AB"  "C"  "sp3" }
>> 	{ "BB"  "C"  "sp3" }
>> 	{ "BA"  "C"  "sp3" }
>> 	{ "BX"  "C"  "sp3" }
>> 	{ "BY"  "C"  "sp3" }
>> 	{ "BG"  "C"  "sp3" }
>> 	{ "AG"  "C"  "sp3" }
>> 	{ "BP"  "C"  "sp3" }
>> 	{ "AP"  "C"  "sp3" }
>> 	{ "B1"  "C"  "sp3" }
>> 	{ "B2"  "C"  "sp3" }
>> 	{ "NY"  "C"  "sp3" }
>> }
>> #
>> #	Load the main parameter set.
>> #
>> parm15ipq = loadamberparams parm15ipq_10.3.dat
Loading parameters: /Users/darian/anaconda3/envs/md/dat/leap/parm/parm15ipq_10.3.dat
Reading title:
Parm15 developmental parameter set
(UNKNOWN ATOM TYPE: CZ)
(UNKNOWN ATOM TYPE: CU)
(UNKNOWN ATOM TYPE: FE)
(UNKNOWN ATOM TYPE: Zn)
(UNKNOWN ATOM TYPE: EP)
>> loadamberparams frcmod.ff15ipq-m
Loading parameters: /Users/darian/anaconda3/envs/md/dat/leap/parm/frcmod.ff15ipq-m
Reading force field modification type file (frcmod)
Reading title:
ff15ipq-m extended parameter set for artificial residues
>> #
>> #	Load main chain and terminating amino acid libraries, nucleic acids
>> #
>> loadOff amino15ipq_10.0.lib
Loading library: /Users/darian/anaconda3/envs/md/dat/leap/lib/amino15ipq_10.0.lib
Loading: ALA
Loading: ARG
Loading: ASH
Loading: ASN
Loading: ASP
Loading: CYM
Loading: CYS
Loading: CYX
Loading: GLH
Loading: GLN
Loading: GLU
Loading: GLY
Loading: HID
Loading: HIE
Loading: HIP
Loading: ILE
Loading: LEU
Loading: LYN
Loading: LYS
Loading: MET
Loading: MTB
Loading: NLE
Loading: PHE
Loading: PRO
Loading: SER
Loading: THR
Loading: TRP
Loading: TYR
Loading: VAL
>> loadOff aminoct15ipq_10.0.lib
Loading library: /Users/darian/anaconda3/envs/md/dat/leap/lib/aminoct15ipq_10.0.lib
Loading: CALA
Loading: CARG
Loading: CASH
Loading: CASN
Loading: CASP
Loading: CCYM
Loading: CCYS
Loading: CCYX
Loading: CGLH
Loading: CGLN
Loading: CGLU
Loading: CGLY
Loading: CHID
Loading: CHIE
Loading: CHIP
Loading: CILE
Loading: CLEU
Loading: CLYN
Loading: CLYS
Loading: CMET
Loading: CNLE
Loading: CPHE
Loading: CPRO
Loading: CSER
Loading: CTHR
Loading: CTRP
Loading: CTYR
Loading: CVAL
Loading: NHE
Loading: NME
>> loadOff aminont15ipq_10.0.lib
Loading library: /Users/darian/anaconda3/envs/md/dat/leap/lib/aminont15ipq_10.0.lib
Loading: ACE
Loading: NALA
Loading: NARG
Loading: NASH
Loading: NASN
Loading: NASP
Loading: NCYM
Loading: NCYS
Loading: NCYX
Loading: NGLH
Loading: NGLN
Loading: NGLU
Loading: NGLY
Loading: NHID
Loading: NHIE
Loading: NHIP
Loading: NILE
Loading: NLEU
Loading: NLYS
Loading: NMET
Loading: NNLE
Loading: NPHE
Loading: NPRO
Loading: NSER
Loading: NTHR
Loading: NTRP
Loading: NTYR
Loading: NVAL
>> loadOff ff15ipq-m.lib
Loading library: /Users/darian/anaconda3/envs/md/dat/leap/lib/ff15ipq-m.lib
Loading: AIB
Loading: APC
Loading: B3A
Loading: B3C
Loading: B3D
Loading: B3E
Loading: B3F
Loading: B3G
Loading: B3I
Loading: B3K
Loading: B3L
Loading: B3M
Loading: B3N
Loading: B3P
Loading: B3Q
Loading: B3R
Loading: B3S
Loading: B3T
Loading: B3V
Loading: B3W
Loading: B3Y
Loading: BCY
Loading: BHE
Loading: BHP
Loading: BHZ
>> 
>> #
>> #	Define the PDB name map for the amino acids 
>> #
>> addPdbResMap {
>>   { 0 "ALA" "NALA" } { 1 "ALA" "CALA" }
>>   { 0 "ARG" "NARG" } { 1 "ARG" "CARG" }
>>   { 0 "ASH" "NASH" } { 1 "ASH" "CASH" }
>>   { 0 "ASN" "NASN" } { 1 "ASN" "CASN" }
>>   { 0 "ASP" "NASP" } { 1 "ASP" "CASP" }
>>   { 0 "CYM" "NCYM" } { 1 "CYM" "CCYM" }
>>   { 0 "CYS" "NCYS" } { 1 "CYS" "CCYS" }
>>   { 0 "CYX" "NCYX" } { 1 "CYX" "CCYX" }
>>   { 0 "GLH" "NGLH" } { 1 "GLH" "CGLH" }
>>   { 0 "GLN" "NGLN" } { 1 "GLN" "CGLN" }
>>   { 0 "GLU" "NGLU" } { 1 "GLU" "CGLU" }
>>   { 0 "GLY" "NGLY" } { 1 "GLY" "CGLY" }
>>   { 0 "HID" "NHID" } { 1 "HID" "CHID" }
>>   { 0 "HIE" "NHIE" } { 1 "HIE" "CHIE" }
>>   { 0 "HIP" "NHIP" } { 1 "HIP" "CHIP" }
>>   { 0 "ILE" "NILE" } { 1 "ILE" "CILE" }
>>   { 0 "LEU" "NLEU" } { 1 "LEU" "CLEU" }
>>                      { 1 "LYN" "CLYN" }
>>   { 0 "LYS" "NLYS" } { 1 "LYS" "CLYS" }
>>   { 0 "MET" "NMET" } { 1 "MET" "CMET" }
>>   { 0 "NLE" "NNLE" } { 1 "NLE" "CNLE" }
>>   { 0 "PHE" "NPHE" } { 1 "PHE" "CPHE" }
>>   { 0 "PRO" "NPRO" } { 1 "PRO" "CPRO" }
>>   { 0 "SER" "NSER" } { 1 "SER" "CSER" }
>>   { 0 "THR" "NTHR" } { 1 "THR" "CTHR" }
>>   { 0 "TRP" "NTRP" } { 1 "TRP" "CTRP" }
>>   { 0 "TYR" "NTYR" } { 1 "TYR" "CTYR" }
>>   { 0 "VAL" "NVAL" } { 1 "VAL" "CVAL" }
>>   { 0 "HIS" "NHIS" } { 1 "HIS" "CHIS" }
>> 
>> }
>> 
>> #
>> # assume that most often proteins use HIE
>> #
>> NHIS = NHIE
>> HIS = HIE
>> CHIS = CHIE
> 
> source leaprc.water.spce                                   
----- Source: /Users/darian/anaconda3/envs/md/dat/leap/cmd/leaprc.water.spce
----- Source of /Users/darian/anaconda3/envs/md/dat/leap/cmd/leaprc.water.spce done
>> #
>> #       Load water and ions for SPC/E + Joung-Chetham monovalent ions
>> #       + Li/Merz highly charged ions (+2 to +4, 12-6 normal usage set)
>> #
>> addAtomTypes {
>> 	{ "F-"   "F" "sp3" }
>> 	{ "Cl-"  "Cl" "sp3" }
>> 	{ "Br-"  "Br" "sp3" }
>> 	{ "I-"   "I"  "sp3" }
>> 	{ "Li+"  "Li"  "sp3" }
>> 	{ "Na+"  "Na"  "sp3" }
>> 	{ "K+"  "K"  "sp3" }
>> 	{ "Rb+"  "Rb"  "sp3" }
>> 	{ "Cs+"  "Cs"  "sp3" }
>> 	{ "Mg+"  "Mg"  "sp3" }
>>     { "Tl+"  "Tl"  "sp3" }
>>     { "Cu+"  "Cu"  "sp3" }
>>     { "Ag+"  "Ag"  "sp3" }
>>     { "Be2+" "Be"  "sp3" }
>>     { "Cu2+" "Cu"  "sp3" }
>>     { "Ni2+" "Ni"  "sp3" }
>>     { "Pt2+" "Pt"  "sp3" }
>>     { "Zn2+" "Zn"  "sp3" }
>>     { "Co2+" "Co"  "sp3" }
>>     { "Pd2+" "Pd"  "sp3" }
>>     { "Ag2+" "Ag"  "sp3" }
>>     { "Cr2+" "Cr"  "sp3" }
>>     { "Fe2+" "Fe"  "sp3" }
>>     { "Mg2+" "Mg"  "sp3" }
>>     { "V2+"  "V"   "sp3" }
>>     { "Mn2+" "Mn"  "sp3" }
>>     { "Hg2+" "Hg"  "sp3" }
>>     { "Cd2+" "Cd"  "sp3" }
>>     { "Yb2+" "Yb"  "sp3" }
>>     { "Ca2+" "Ca"  "sp3" }
>>     { "Sn2+" "Sn"  "sp3" }
>>     { "Pb2+" "Pb"  "sp3" }
>>     { "Eu2+" "Eu"  "sp3" }
>>     { "Sr2+" "Sr"  "sp3" }
>>     { "Sm2+" "Sm"  "sp3" }
>>     { "Ba2+" "Ba"  "sp3" }
>>     { "Ra2+" "Ra"  "sp3" }
>>     { "Al3+" "Al"  "sp3" }
>>     { "Fe3+" "Fe"  "sp3" }
>>     { "Cr3+" "Cr"  "sp3" }
>>     { "In3+" "In"  "sp3" }
>>     { "Tl3+" "Tl"  "sp3" }
>>     { "Y3+"  "Y"   "sp3" }
>>     { "La3+" "La"  "sp3" }
>>     { "Ce3+" "Ce"  "sp3" }
>>     { "Pr3+" "Pr"  "sp3" }
>>     { "Nd3+" "Nd"  "sp3" }
>>     { "Sm3+" "Sm"  "sp3" }
>>     { "Eu3+" "Eu"  "sp3" }
>>     { "Gd3+" "Gd"  "sp3" }
>>     { "Tb3+" "Tb"  "sp3" }
>>     { "Dy3+" "Dy"  "sp3" }
>>     { "Er3+" "Er"  "sp3" }
>>     { "Tm3+" "Tm"  "sp3" }
>>     { "Lu3+" "Lu"  "sp3" }
>>     { "Hf4+" "Hf"  "sp3" }
>>     { "Zr4+" "Zr"  "sp3" }
>>     { "Ce4+" "Ce"  "sp3" }
>>     { "U4+"  "U"   "sp3" }
>>     { "Pu4+" "Pu"  "sp3" }
>>     { "Th4+" "Th"  "sp3" }
>>     { "OW"   "O"   "sp3" }
>>     { "HW"   "H"   "sp3" }
>> }
>> loadOff atomic_ions.lib
Loading library: /Users/darian/anaconda3/envs/md/dat/leap/lib/atomic_ions.lib
Loading: AG
Loading: AL
Loading: Ag
Loading: BA
Loading: BR
Loading: Be
Loading: CA
Loading: CD
Loading: CE
Loading: CL
Loading: CO
Loading: CR
Loading: CS
Loading: CU
Loading: CU1
Loading: Ce
Loading: Cl-
Loading: Cr
Loading: Dy
Loading: EU
Loading: EU3
Loading: Er
Loading: F
Loading: FE
Loading: FE2
Loading: GD3
Loading: H3O+
Loading: HE+
Loading: HG
Loading: HZ+
Loading: Hf
Loading: IN
Loading: IOD
Loading: K
Loading: K+
Loading: LA
Loading: LI
Loading: LU
Loading: MG
Loading: MN
Loading: NA
Loading: NH4
Loading: NI
Loading: Na+
Loading: Nd
Loading: PB
Loading: PD
Loading: PR
Loading: PT
Loading: Pu
Loading: RB
Loading: Ra
Loading: SM
Loading: SR
Loading: Sm
Loading: Sn
Loading: TB
Loading: TL
Loading: Th
Loading: Tl
Loading: Tm
Loading: U4+
Loading: V2+
Loading: Y
Loading: YB2
Loading: ZN
Loading: Zr
>> loadOff solvents.lib
Loading library: /Users/darian/anaconda3/envs/md/dat/leap/lib/solvents.lib
Loading: CHCL3BOX
Loading: DC4
Loading: FB3
Loading: FB3BOX
Loading: FB4
Loading: FB4BOX
Loading: MEOHBOX
Loading: NMABOX
Loading: O3P
Loading: OP3
Loading: OPC
Loading: OPC3BOX
Loading: OPCBOX
Loading: PL3
Loading: POL3BOX
Loading: QSPCFWBOX
Loading: SPC
Loading: SPCBOX
Loading: SPCFWBOX
Loading: SPF
Loading: SPG
Loading: T4E
Loading: TIP3PBOX
Loading: TIP3PFBOX
Loading: TIP4PBOX
Loading: TIP4PEWBOX
Loading: TIP5PBOX
Loading: TP3
Loading: TP4
Loading: TP5
Loading: TPF
>> HOH = SPC
>> WAT = SPC
>> loadAmberParams frcmod.spce
Loading parameters: /Users/darian/anaconda3/envs/md/dat/leap/parm/frcmod.spce
Reading force field modification type file (frcmod)
Reading title:
This is the additional/replacement parameter set for SPC/E water
>> loadAmberParams frcmod.ionsjc_spce
Loading parameters: /Users/darian/anaconda3/envs/md/dat/leap/parm/frcmod.ionsjc_spce
Reading force field modification type file (frcmod)
Reading title:
Monovalent ion parameters for Ewald and SPC/E water from Joung & Cheatham JPCB (2008)
>> loadAmberParams frcmod.ions234lm_126_spce
Loading parameters: /Users/darian/anaconda3/envs/md/dat/leap/parm/frcmod.ions234lm_126_spce
Reading force field modification type file (frcmod)
Reading title:
Li/Merz ion parameters of divalent to tetravalent ions for SPC/E water model (12-6 normal usage set)
>> 
> 
> mol = loadpdb d_b3d.pdb                            

/Users/darian/anaconda3/envs/md/bin/teLeap: Fatal Error!
Could not open file d_b3d.pdb: not found

Exiting LEaP: Errors = 1; Warnings = 0; Notes = 0.
log started: Thu Jun  8 11:53:02 2023

Log file: ./leap.log
>> #
>> # ----- leaprc for loading the ff15ipq and ff15ipq-m force fields
>> #       See A.T. Bogetti, H.E. Piston, J.M. G. Leung, C.C. Cabalteja, 
>> #       D.T. Yang, A.J. DeGrave, K.T. Debiec, D.S. Cerutti, D.A. Case, 
>> #       W.S. Horne, and L.T. Chong. A Twist in the Road Less Traveled: 
>> #       The AMBER ff15ipq-m Force Field for Protein Mimetics. 
>> #       J. Chem. Phys. 153, 064101 (2020). 
>> #
>> # ----- NOTE: this is designed for PDB format 3!
>> #       ff15ipq Version 10.3, solvated:
>> #         Charges fit with H sigma=1.3 and SPC/Eb, backbone charges held equal
>> #        
>> #         vdw (LJEDITs removed, H sigma=1.3, ARG side chain TH sigma=1.5)
>> #         torsions generation 6 (0 ff14ipq, ALAPROALA,
>> #                                1 dipeptides,
>> #                                2 XXXGLY & GLYXXX tripeptides,
>> #                                3 XXXPRO & PROXXX tripeptides)
>> #                                4 charged tripeptides)
>> #                                5 more charged tripeptides and termini
>> #                                6 angle peptides and more termini)
>> #         Parm cleaned up extensively
>> #         Torsion phases restored to 0 and 180 degrees
>> #         Backbone CNA, HNA, NAC, ACN, and ACO angles fit
>> #         Additional assorted updates to bonded parameters and types
>> #         The SPC/Eb water model was used to derive partial charges
>> #           for this force field
>> #
>> #	load atom type hybridizations
>> #
>> addAtomTypes {
>> 	{ "H"   "H"  "sp3" }
>> 	{ "HO"  "H"  "sp3" }
>> 	{ "HS"  "H"  "sp3" }
>> 	{ "H1"  "H"  "sp3" }
>> 	{ "H2"  "H"  "sp3" }
>> 	{ "H3"  "H"  "sp3" }
>> 	{ "H4"  "H"  "sp3" }
>> 	{ "H5"  "H"  "sp3" }
>> 	{ "HW"  "H"  "sp3" }
>> 	{ "HC"  "H"  "sp3" }
>> 	{ "HA"  "H"  "sp3" }
>> 	{ "HP"  "H"  "sp3" }
>> 	{ "HZ"  "H"  "sp3" }
>> 	{ "TH"  "H"  "sp3" }
>> 	{ "OH"  "O"  "sp3" }
>> 	{ "OS"  "O"  "sp3" }
>> 	{ "O"   "O"  "sp2" }
>> 	{ "OD"  "O"  "sp2" }
>> 	{ "O2"  "O"  "sp2" }
>> 	{ "O3"  "O"  "sp2" }
>> 	{ "OP"  "O"  "sp2" }
>> 	{ "OW"  "O"  "sp3" }
>> 	{ "OA"  "O"  "sp3" }
>> 	{ "CT"  "C"  "sp3" }
>> 	{ "CX"  "C"  "sp3" }
>> 	{ "TJ"  "C"  "sp3" }
>> 	{ "TG"  "C"  "sp3" }
>> 	{ "TM"  "C"  "sp3" }
>> 	{ "TP"  "C"  "sp3" }
>> 	{ "C8"  "C"  "sp3" }
>> 	{ "2C"  "C"  "sp3" }
>> 	{ "3C"  "C"  "sp3" }
>> 	{ "TA"  "C"  "sp3" }
>> 	{ "CH"  "C"  "sp3" }
>> 	{ "CS"  "C"  "sp2" }
>> 	{ "C"   "C"  "sp2" }
>> 	{ "CO"  "C"  "sp2" }
>> 	{ "C*"  "C"  "sp2" }
>> 	{ "CA"  "C"  "sp2" }
>> 	{ "CB"  "C"  "sp2" }
>> 	{ "CC"  "C"  "sp2" }
>> 	{ "CN"  "C"  "sp2" }
>> 	{ "CM"  "C"  "sp2" }
>> 	{ "CK"  "C"  "sp2" }
>> 	{ "CQ"  "C"  "sp2" }
>> 	{ "CD"  "C"  "sp2" }
>> 	{ "C5"  "C"  "sp2" }
>> 	{ "C4"  "C"  "sp2" }
>> 	{ "CP"  "C"  "sp2" }
>> 	{ "CI"  "C"  "sp3" }
>> 	{ "CJ"  "C"  "sp2" }
>> 	{ "CW"  "C"  "sp2" }
>> 	{ "CV"  "C"  "sp2" }
>> 	{ "CR"  "C"  "sp2" }
>> 	{ "CA"  "C"  "sp2" }
>> 	{ "CY"  "C"  "sp2" }
>> 	{ "C0"  "Ca" "sp3" }
>> 	{ "MG"  "Mg" "sp3" }
>> 	{ "N"   "N"  "sp2" }
>> 	{ "NA"  "N"  "sp2" }
>> 	{ "N2"  "N"  "sp2" }
>> 	{ "N*"  "N"  "sp2" }
>> 	{ "NP"  "N"  "sp2" }
>> 	{ "NQ"  "N"  "sp2" }
>> 	{ "NB"  "N"  "sp2" }
>> 	{ "NC"  "N"  "sp2" }
>> 	{ "TN"  "N"  "sp2" }
>> 	{ "NT"  "N"  "sp3" }
>> 	{ "NY"  "N"  "sp2" }
>> 	{ "N3"  "N"  "sp3" }
>> 	{ "NL"  "N"  "sp3" }
>> 	{ "ND"  "N"  "sp3" }
>> 	{ "S"   "S"  "sp3" }
>> 	{ "SH"  "S"  "sp3" }
>> 	{ "P"   "P"  "sp3" }
>> 	{ "LP"  ""   "sp3" }
>> 	{ "EP"  ""   "sp3" }
>> 	{ "F"   "F"  "sp3" }
>> 	{ "Cl"  "Cl" "sp3" }
>> 	{ "Br"  "Br" "sp3" }
>> 	{ "I"   "I"  "sp3" }
>> 	{ "AB"  "C"  "sp3" }
>> 	{ "BB"  "C"  "sp3" }
>> 	{ "BA"  "C"  "sp3" }
>> 	{ "BX"  "C"  "sp3" }
>> 	{ "BY"  "C"  "sp3" }
>> 	{ "BG"  "C"  "sp3" }
>> 	{ "AG"  "C"  "sp3" }
>> 	{ "BP"  "C"  "sp3" }
>> 	{ "AP"  "C"  "sp3" }
>> 	{ "B1"  "C"  "sp3" }
>> 	{ "B2"  "C"  "sp3" }
>> 	{ "NY"  "C"  "sp3" }
>> }
>> #
>> #	Load the main parameter set.
>> #
>> parm15ipq = loadamberparams parm15ipq_10.3.dat
Loading parameters: /Users/darian/anaconda3/envs/md/dat/leap/parm/parm15ipq_10.3.dat
Reading title:
Parm15 developmental parameter set
(UNKNOWN ATOM TYPE: CZ)
(UNKNOWN ATOM TYPE: CU)
(UNKNOWN ATOM TYPE: FE)
(UNKNOWN ATOM TYPE: Zn)
(UNKNOWN ATOM TYPE: EP)
>> loadamberparams frcmod.ff15ipq-m
Loading parameters: /Users/darian/anaconda3/envs/md/dat/leap/parm/frcmod.ff15ipq-m
Reading force field modification type file (frcmod)
Reading title:
ff15ipq-m extended parameter set for artificial residues
>> #
>> #	Load main chain and terminating amino acid libraries, nucleic acids
>> #
>> loadOff amino15ipq_10.0.lib
Loading library: /Users/darian/anaconda3/envs/md/dat/leap/lib/amino15ipq_10.0.lib
Loading: ALA
Loading: ARG
Loading: ASH
Loading: ASN
Loading: ASP
Loading: CYM
Loading: CYS
Loading: CYX
Loading: GLH
Loading: GLN
Loading: GLU
Loading: GLY
Loading: HID
Loading: HIE
Loading: HIP
Loading: ILE
Loading: LEU
Loading: LYN
Loading: LYS
Loading: MET
Loading: MTB
Loading: NLE
Loading: PHE
Loading: PRO
Loading: SER
Loading: THR
Loading: TRP
Loading: TYR
Loading: VAL
>> loadOff aminoct15ipq_10.0.lib
Loading library: /Users/darian/anaconda3/envs/md/dat/leap/lib/aminoct15ipq_10.0.lib
Loading: CALA
Loading: CARG
Loading: CASH
Loading: CASN
Loading: CASP
Loading: CCYM
Loading: CCYS
Loading: CCYX
Loading: CGLH
Loading: CGLN
Loading: CGLU
Loading: CGLY
Loading: CHID
Loading: CHIE
Loading: CHIP
Loading: CILE
Loading: CLEU
Loading: CLYN
Loading: CLYS
Loading: CMET
Loading: CNLE
Loading: CPHE
Loading: CPRO
Loading: CSER
Loading: CTHR
Loading: CTRP
Loading: CTYR
Loading: CVAL
Loading: NHE
Loading: NME
>> loadOff aminont15ipq_10.0.lib
Loading library: /Users/darian/anaconda3/envs/md/dat/leap/lib/aminont15ipq_10.0.lib
Loading: ACE
Loading: NALA
Loading: NARG
Loading: NASH
Loading: NASN
Loading: NASP
Loading: NCYM
Loading: NCYS
Loading: NCYX
Loading: NGLH
Loading: NGLN
Loading: NGLU
Loading: NGLY
Loading: NHID
Loading: NHIE
Loading: NHIP
Loading: NILE
Loading: NLEU
Loading: NLYS
Loading: NMET
Loading: NNLE
Loading: NPHE
Loading: NPRO
Loading: NSER
Loading: NTHR
Loading: NTRP
Loading: NTYR
Loading: NVAL
>> loadOff ff15ipq-m.lib
Loading library: /Users/darian/anaconda3/envs/md/dat/leap/lib/ff15ipq-m.lib
Loading: AIB
Loading: APC
Loading: B3A
Loading: B3C
Loading: B3D
Loading: B3E
Loading: B3F
Loading: B3G
Loading: B3I
Loading: B3K
Loading: B3L
Loading: B3M
Loading: B3N
Loading: B3P
Loading: B3Q
Loading: B3R
Loading: B3S
Loading: B3T
Loading: B3V
Loading: B3W
Loading: B3Y
Loading: BCY
Loading: BHE
Loading: BHP
Loading: BHZ
>> 
>> #
>> #	Define the PDB name map for the amino acids 
>> #
>> addPdbResMap {
>>   { 0 "ALA" "NALA" } { 1 "ALA" "CALA" }
>>   { 0 "ARG" "NARG" } { 1 "ARG" "CARG" }
>>   { 0 "ASH" "NASH" } { 1 "ASH" "CASH" }
>>   { 0 "ASN" "NASN" } { 1 "ASN" "CASN" }
>>   { 0 "ASP" "NASP" } { 1 "ASP" "CASP" }
>>   { 0 "CYM" "NCYM" } { 1 "CYM" "CCYM" }
>>   { 0 "CYS" "NCYS" } { 1 "CYS" "CCYS" }
>>   { 0 "CYX" "NCYX" } { 1 "CYX" "CCYX" }
>>   { 0 "GLH" "NGLH" } { 1 "GLH" "CGLH" }
>>   { 0 "GLN" "NGLN" } { 1 "GLN" "CGLN" }
>>   { 0 "GLU" "NGLU" } { 1 "GLU" "CGLU" }
>>   { 0 "GLY" "NGLY" } { 1 "GLY" "CGLY" }
>>   { 0 "HID" "NHID" } { 1 "HID" "CHID" }
>>   { 0 "HIE" "NHIE" } { 1 "HIE" "CHIE" }
>>   { 0 "HIP" "NHIP" } { 1 "HIP" "CHIP" }
>>   { 0 "ILE" "NILE" } { 1 "ILE" "CILE" }
>>   { 0 "LEU" "NLEU" } { 1 "LEU" "CLEU" }
>>                      { 1 "LYN" "CLYN" }
>>   { 0 "LYS" "NLYS" } { 1 "LYS" "CLYS" }
>>   { 0 "MET" "NMET" } { 1 "MET" "CMET" }
>>   { 0 "NLE" "NNLE" } { 1 "NLE" "CNLE" }
>>   { 0 "PHE" "NPHE" } { 1 "PHE" "CPHE" }
>>   { 0 "PRO" "NPRO" } { 1 "PRO" "CPRO" }
>>   { 0 "SER" "NSER" } { 1 "SER" "CSER" }
>>   { 0 "THR" "NTHR" } { 1 "THR" "CTHR" }
>>   { 0 "TRP" "NTRP" } { 1 "TRP" "CTRP" }
>>   { 0 "TYR" "NTYR" } { 1 "TYR" "CTYR" }
>>   { 0 "VAL" "NVAL" } { 1 "VAL" "CVAL" }
>>   { 0 "HIS" "NHIS" } { 1 "HIS" "CHIS" }
>> 
>> }
>> 
>> #
>> # assume that most often proteins use HIE
>> #
>> NHIS = NHIE
>> HIS = HIE
>> CHIS = CHIE
> 
> source leaprc.water.spce                                   
----- Source: /Users/darian/anaconda3/envs/md/dat/leap/cmd/leaprc.water.spce
----- Source of /Users/darian/anaconda3/envs/md/dat/leap/cmd/leaprc.water.spce done
>> #
>> #       Load water and ions for SPC/E + Joung-Chetham monovalent ions
>> #       + Li/Merz highly charged ions (+2 to +4, 12-6 normal usage set)
>> #
>> addAtomTypes {
>> 	{ "F-"   "F" "sp3" }
>> 	{ "Cl-"  "Cl" "sp3" }
>> 	{ "Br-"  "Br" "sp3" }
>> 	{ "I-"   "I"  "sp3" }
>> 	{ "Li+"  "Li"  "sp3" }
>> 	{ "Na+"  "Na"  "sp3" }
>> 	{ "K+"  "K"  "sp3" }
>> 	{ "Rb+"  "Rb"  "sp3" }
>> 	{ "Cs+"  "Cs"  "sp3" }
>> 	{ "Mg+"  "Mg"  "sp3" }
>>     { "Tl+"  "Tl"  "sp3" }
>>     { "Cu+"  "Cu"  "sp3" }
>>     { "Ag+"  "Ag"  "sp3" }
>>     { "Be2+" "Be"  "sp3" }
>>     { "Cu2+" "Cu"  "sp3" }
>>     { "Ni2+" "Ni"  "sp3" }
>>     { "Pt2+" "Pt"  "sp3" }
>>     { "Zn2+" "Zn"  "sp3" }
>>     { "Co2+" "Co"  "sp3" }
>>     { "Pd2+" "Pd"  "sp3" }
>>     { "Ag2+" "Ag"  "sp3" }
>>     { "Cr2+" "Cr"  "sp3" }
>>     { "Fe2+" "Fe"  "sp3" }
>>     { "Mg2+" "Mg"  "sp3" }
>>     { "V2+"  "V"   "sp3" }
>>     { "Mn2+" "Mn"  "sp3" }
>>     { "Hg2+" "Hg"  "sp3" }
>>     { "Cd2+" "Cd"  "sp3" }
>>     { "Yb2+" "Yb"  "sp3" }
>>     { "Ca2+" "Ca"  "sp3" }
>>     { "Sn2+" "Sn"  "sp3" }
>>     { "Pb2+" "Pb"  "sp3" }
>>     { "Eu2+" "Eu"  "sp3" }
>>     { "Sr2+" "Sr"  "sp3" }
>>     { "Sm2+" "Sm"  "sp3" }
>>     { "Ba2+" "Ba"  "sp3" }
>>     { "Ra2+" "Ra"  "sp3" }
>>     { "Al3+" "Al"  "sp3" }
>>     { "Fe3+" "Fe"  "sp3" }
>>     { "Cr3+" "Cr"  "sp3" }
>>     { "In3+" "In"  "sp3" }
>>     { "Tl3+" "Tl"  "sp3" }
>>     { "Y3+"  "Y"   "sp3" }
>>     { "La3+" "La"  "sp3" }
>>     { "Ce3+" "Ce"  "sp3" }
>>     { "Pr3+" "Pr"  "sp3" }
>>     { "Nd3+" "Nd"  "sp3" }
>>     { "Sm3+" "Sm"  "sp3" }
>>     { "Eu3+" "Eu"  "sp3" }
>>     { "Gd3+" "Gd"  "sp3" }
>>     { "Tb3+" "Tb"  "sp3" }
>>     { "Dy3+" "Dy"  "sp3" }
>>     { "Er3+" "Er"  "sp3" }
>>     { "Tm3+" "Tm"  "sp3" }
>>     { "Lu3+" "Lu"  "sp3" }
>>     { "Hf4+" "Hf"  "sp3" }
>>     { "Zr4+" "Zr"  "sp3" }
>>     { "Ce4+" "Ce"  "sp3" }
>>     { "U4+"  "U"   "sp3" }
>>     { "Pu4+" "Pu"  "sp3" }
>>     { "Th4+" "Th"  "sp3" }
>>     { "OW"   "O"   "sp3" }
>>     { "HW"   "H"   "sp3" }
>> }
>> loadOff atomic_ions.lib
Loading library: /Users/darian/anaconda3/envs/md/dat/leap/lib/atomic_ions.lib
Loading: AG
Loading: AL
Loading: Ag
Loading: BA
Loading: BR
Loading: Be
Loading: CA
Loading: CD
Loading: CE
Loading: CL
Loading: CO
Loading: CR
Loading: CS
Loading: CU
Loading: CU1
Loading: Ce
Loading: Cl-
Loading: Cr
Loading: Dy
Loading: EU
Loading: EU3
Loading: Er
Loading: F
Loading: FE
Loading: FE2
Loading: GD3
Loading: H3O+
Loading: HE+
Loading: HG
Loading: HZ+
Loading: Hf
Loading: IN
Loading: IOD
Loading: K
Loading: K+
Loading: LA
Loading: LI
Loading: LU
Loading: MG
Loading: MN
Loading: NA
Loading: NH4
Loading: NI
Loading: Na+
Loading: Nd
Loading: PB
Loading: PD
Loading: PR
Loading: PT
Loading: Pu
Loading: RB
Loading: Ra
Loading: SM
Loading: SR
Loading: Sm
Loading: Sn
Loading: TB
Loading: TL
Loading: Th
Loading: Tl
Loading: Tm
Loading: U4+
Loading: V2+
Loading: Y
Loading: YB2
Loading: ZN
Loading: Zr
>> loadOff solvents.lib
Loading library: /Users/darian/anaconda3/envs/md/dat/leap/lib/solvents.lib
Loading: CHCL3BOX
Loading: DC4
Loading: FB3
Loading: FB3BOX
Loading: FB4
Loading: FB4BOX
Loading: MEOHBOX
Loading: NMABOX
Loading: O3P
Loading: OP3
Loading: OPC
Loading: OPC3BOX
Loading: OPCBOX
Loading: PL3
Loading: POL3BOX
Loading: QSPCFWBOX
Loading: SPC
Loading: SPCBOX
Loading: SPCFWBOX
Loading: SPF
Loading: SPG
Loading: T4E
Loading: TIP3PBOX
Loading: TIP3PFBOX
Loading: TIP4PBOX
Loading: TIP4PEWBOX
Loading: TIP5PBOX
Loading: TP3
Loading: TP4
Loading: TP5
Loading: TPF
>> HOH = SPC
>> WAT = SPC
>> loadAmberParams frcmod.spce
Loading parameters: /Users/darian/anaconda3/envs/md/dat/leap/parm/frcmod.spce
Reading force field modification type file (frcmod)
Reading title:
This is the additional/replacement parameter set for SPC/E water
>> loadAmberParams frcmod.ionsjc_spce
Loading parameters: /Users/darian/anaconda3/envs/md/dat/leap/parm/frcmod.ionsjc_spce
Reading force field modification type file (frcmod)
Reading title:
Monovalent ion parameters for Ewald and SPC/E water from Joung & Cheatham JPCB (2008)
>> loadAmberParams frcmod.ions234lm_126_spce
Loading parameters: /Users/darian/anaconda3/envs/md/dat/leap/parm/frcmod.ions234lm_126_spce
Reading force field modification type file (frcmod)
Reading title:
Li/Merz ion parameters of divalent to tetravalent ions for SPC/E water model (12-6 normal usage set)
>> 
> 
> mol = loadpdb all_d_b3d.pdb                            
Loading PDB file: ./all_d_b3d.pdb
Matching PDB residue names to LEaP variables.
Mapped residue GLY, term: Terminal/beginning, seq. number: 0 to: NGLY.
Mapped residue SER, term: Terminal/last, seq. number: 172 to: CSER.
  total atoms in file: 2820
> savepdb mol all_d_b3d_leap.pdb                              
Writing pdb file: all_d_b3d_leap.pdb

/Users/darian/anaconda3/envs/md/bin/teLeap: Warning!
 Converting N-terminal residue name to PDB format: NGLY -> GLY

/Users/darian/anaconda3/envs/md/bin/teLeap: Warning!
 Converting C-terminal residue name to PDB format: CSER -> SER
> quit                                                       
	Quit

Exiting LEaP: Errors = 0; Warnings = 2; Notes = 0.
log started: Thu Jun  8 11:57:30 2023

Log file: ./leap.log
>> #
>> # ----- leaprc for loading the ff15ipq and ff15ipq-m force fields
>> #       See A.T. Bogetti, H.E. Piston, J.M. G. Leung, C.C. Cabalteja, 
>> #       D.T. Yang, A.J. DeGrave, K.T. Debiec, D.S. Cerutti, D.A. Case, 
>> #       W.S. Horne, and L.T. Chong. A Twist in the Road Less Traveled: 
>> #       The AMBER ff15ipq-m Force Field for Protein Mimetics. 
>> #       J. Chem. Phys. 153, 064101 (2020). 
>> #
>> # ----- NOTE: this is designed for PDB format 3!
>> #       ff15ipq Version 10.3, solvated:
>> #         Charges fit with H sigma=1.3 and SPC/Eb, backbone charges held equal
>> #        
>> #         vdw (LJEDITs removed, H sigma=1.3, ARG side chain TH sigma=1.5)
>> #         torsions generation 6 (0 ff14ipq, ALAPROALA,
>> #                                1 dipeptides,
>> #                                2 XXXGLY & GLYXXX tripeptides,
>> #                                3 XXXPRO & PROXXX tripeptides)
>> #                                4 charged tripeptides)
>> #                                5 more charged tripeptides and termini
>> #                                6 angle peptides and more termini)
>> #         Parm cleaned up extensively
>> #         Torsion phases restored to 0 and 180 degrees
>> #         Backbone CNA, HNA, NAC, ACN, and ACO angles fit
>> #         Additional assorted updates to bonded parameters and types
>> #         The SPC/Eb water model was used to derive partial charges
>> #           for this force field
>> #
>> #	load atom type hybridizations
>> #
>> addAtomTypes {
>> 	{ "H"   "H"  "sp3" }
>> 	{ "HO"  "H"  "sp3" }
>> 	{ "HS"  "H"  "sp3" }
>> 	{ "H1"  "H"  "sp3" }
>> 	{ "H2"  "H"  "sp3" }
>> 	{ "H3"  "H"  "sp3" }
>> 	{ "H4"  "H"  "sp3" }
>> 	{ "H5"  "H"  "sp3" }
>> 	{ "HW"  "H"  "sp3" }
>> 	{ "HC"  "H"  "sp3" }
>> 	{ "HA"  "H"  "sp3" }
>> 	{ "HP"  "H"  "sp3" }
>> 	{ "HZ"  "H"  "sp3" }
>> 	{ "TH"  "H"  "sp3" }
>> 	{ "OH"  "O"  "sp3" }
>> 	{ "OS"  "O"  "sp3" }
>> 	{ "O"   "O"  "sp2" }
>> 	{ "OD"  "O"  "sp2" }
>> 	{ "O2"  "O"  "sp2" }
>> 	{ "O3"  "O"  "sp2" }
>> 	{ "OP"  "O"  "sp2" }
>> 	{ "OW"  "O"  "sp3" }
>> 	{ "OA"  "O"  "sp3" }
>> 	{ "CT"  "C"  "sp3" }
>> 	{ "CX"  "C"  "sp3" }
>> 	{ "TJ"  "C"  "sp3" }
>> 	{ "TG"  "C"  "sp3" }
>> 	{ "TM"  "C"  "sp3" }
>> 	{ "TP"  "C"  "sp3" }
>> 	{ "C8"  "C"  "sp3" }
>> 	{ "2C"  "C"  "sp3" }
>> 	{ "3C"  "C"  "sp3" }
>> 	{ "TA"  "C"  "sp3" }
>> 	{ "CH"  "C"  "sp3" }
>> 	{ "CS"  "C"  "sp2" }
>> 	{ "C"   "C"  "sp2" }
>> 	{ "CO"  "C"  "sp2" }
>> 	{ "C*"  "C"  "sp2" }
>> 	{ "CA"  "C"  "sp2" }
>> 	{ "CB"  "C"  "sp2" }
>> 	{ "CC"  "C"  "sp2" }
>> 	{ "CN"  "C"  "sp2" }
>> 	{ "CM"  "C"  "sp2" }
>> 	{ "CK"  "C"  "sp2" }
>> 	{ "CQ"  "C"  "sp2" }
>> 	{ "CD"  "C"  "sp2" }
>> 	{ "C5"  "C"  "sp2" }
>> 	{ "C4"  "C"  "sp2" }
>> 	{ "CP"  "C"  "sp2" }
>> 	{ "CI"  "C"  "sp3" }
>> 	{ "CJ"  "C"  "sp2" }
>> 	{ "CW"  "C"  "sp2" }
>> 	{ "CV"  "C"  "sp2" }
>> 	{ "CR"  "C"  "sp2" }
>> 	{ "CA"  "C"  "sp2" }
>> 	{ "CY"  "C"  "sp2" }
>> 	{ "C0"  "Ca" "sp3" }
>> 	{ "MG"  "Mg" "sp3" }
>> 	{ "N"   "N"  "sp2" }
>> 	{ "NA"  "N"  "sp2" }
>> 	{ "N2"  "N"  "sp2" }
>> 	{ "N*"  "N"  "sp2" }
>> 	{ "NP"  "N"  "sp2" }
>> 	{ "NQ"  "N"  "sp2" }
>> 	{ "NB"  "N"  "sp2" }
>> 	{ "NC"  "N"  "sp2" }
>> 	{ "TN"  "N"  "sp2" }
>> 	{ "NT"  "N"  "sp3" }
>> 	{ "NY"  "N"  "sp2" }
>> 	{ "N3"  "N"  "sp3" }
>> 	{ "NL"  "N"  "sp3" }
>> 	{ "ND"  "N"  "sp3" }
>> 	{ "S"   "S"  "sp3" }
>> 	{ "SH"  "S"  "sp3" }
>> 	{ "P"   "P"  "sp3" }
>> 	{ "LP"  ""   "sp3" }
>> 	{ "EP"  ""   "sp3" }
>> 	{ "F"   "F"  "sp3" }
>> 	{ "Cl"  "Cl" "sp3" }
>> 	{ "Br"  "Br" "sp3" }
>> 	{ "I"   "I"  "sp3" }
>> 	{ "AB"  "C"  "sp3" }
>> 	{ "BB"  "C"  "sp3" }
>> 	{ "BA"  "C"  "sp3" }
>> 	{ "BX"  "C"  "sp3" }
>> 	{ "BY"  "C"  "sp3" }
>> 	{ "BG"  "C"  "sp3" }
>> 	{ "AG"  "C"  "sp3" }
>> 	{ "BP"  "C"  "sp3" }
>> 	{ "AP"  "C"  "sp3" }
>> 	{ "B1"  "C"  "sp3" }
>> 	{ "B2"  "C"  "sp3" }
>> 	{ "NY"  "C"  "sp3" }
>> }
>> #
>> #	Load the main parameter set.
>> #
>> parm15ipq = loadamberparams parm15ipq_10.3.dat
Loading parameters: /Users/darian/anaconda3/envs/md/dat/leap/parm/parm15ipq_10.3.dat
Reading title:
Parm15 developmental parameter set
(UNKNOWN ATOM TYPE: CZ)
(UNKNOWN ATOM TYPE: CU)
(UNKNOWN ATOM TYPE: FE)
(UNKNOWN ATOM TYPE: Zn)
(UNKNOWN ATOM TYPE: EP)
>> loadamberparams frcmod.ff15ipq-m
Loading parameters: /Users/darian/anaconda3/envs/md/dat/leap/parm/frcmod.ff15ipq-m
Reading force field modification type file (frcmod)
Reading title:
ff15ipq-m extended parameter set for artificial residues
>> #
>> #	Load main chain and terminating amino acid libraries, nucleic acids
>> #
>> loadOff amino15ipq_10.0.lib
Loading library: /Users/darian/anaconda3/envs/md/dat/leap/lib/amino15ipq_10.0.lib
Loading: ALA
Loading: ARG
Loading: ASH
Loading: ASN
Loading: ASP
Loading: CYM
Loading: CYS
Loading: CYX
Loading: GLH
Loading: GLN
Loading: GLU
Loading: GLY
Loading: HID
Loading: HIE
Loading: HIP
Loading: ILE
Loading: LEU
Loading: LYN
Loading: LYS
Loading: MET
Loading: MTB
Loading: NLE
Loading: PHE
Loading: PRO
Loading: SER
Loading: THR
Loading: TRP
Loading: TYR
Loading: VAL
>> loadOff aminoct15ipq_10.0.lib
Loading library: /Users/darian/anaconda3/envs/md/dat/leap/lib/aminoct15ipq_10.0.lib
Loading: CALA
Loading: CARG
Loading: CASH
Loading: CASN
Loading: CASP
Loading: CCYM
Loading: CCYS
Loading: CCYX
Loading: CGLH
Loading: CGLN
Loading: CGLU
Loading: CGLY
Loading: CHID
Loading: CHIE
Loading: CHIP
Loading: CILE
Loading: CLEU
Loading: CLYN
Loading: CLYS
Loading: CMET
Loading: CNLE
Loading: CPHE
Loading: CPRO
Loading: CSER
Loading: CTHR
Loading: CTRP
Loading: CTYR
Loading: CVAL
Loading: NHE
Loading: NME
>> loadOff aminont15ipq_10.0.lib
Loading library: /Users/darian/anaconda3/envs/md/dat/leap/lib/aminont15ipq_10.0.lib
Loading: ACE
Loading: NALA
Loading: NARG
Loading: NASH
Loading: NASN
Loading: NASP
Loading: NCYM
Loading: NCYS
Loading: NCYX
Loading: NGLH
Loading: NGLN
Loading: NGLU
Loading: NGLY
Loading: NHID
Loading: NHIE
Loading: NHIP
Loading: NILE
Loading: NLEU
Loading: NLYS
Loading: NMET
Loading: NNLE
Loading: NPHE
Loading: NPRO
Loading: NSER
Loading: NTHR
Loading: NTRP
Loading: NTYR
Loading: NVAL
>> loadOff ff15ipq-m.lib
Loading library: /Users/darian/anaconda3/envs/md/dat/leap/lib/ff15ipq-m.lib
Loading: AIB
Loading: APC
Loading: B3A
Loading: B3C
Loading: B3D
Loading: B3E
Loading: B3F
Loading: B3G
Loading: B3I
Loading: B3K
Loading: B3L
Loading: B3M
Loading: B3N
Loading: B3P
Loading: B3Q
Loading: B3R
Loading: B3S
Loading: B3T
Loading: B3V
Loading: B3W
Loading: B3Y
Loading: BCY
Loading: BHE
Loading: BHP
Loading: BHZ
>> 
>> #
>> #	Define the PDB name map for the amino acids 
>> #
>> addPdbResMap {
>>   { 0 "ALA" "NALA" } { 1 "ALA" "CALA" }
>>   { 0 "ARG" "NARG" } { 1 "ARG" "CARG" }
>>   { 0 "ASH" "NASH" } { 1 "ASH" "CASH" }
>>   { 0 "ASN" "NASN" } { 1 "ASN" "CASN" }
>>   { 0 "ASP" "NASP" } { 1 "ASP" "CASP" }
>>   { 0 "CYM" "NCYM" } { 1 "CYM" "CCYM" }
>>   { 0 "CYS" "NCYS" } { 1 "CYS" "CCYS" }
>>   { 0 "CYX" "NCYX" } { 1 "CYX" "CCYX" }
>>   { 0 "GLH" "NGLH" } { 1 "GLH" "CGLH" }
>>   { 0 "GLN" "NGLN" } { 1 "GLN" "CGLN" }
>>   { 0 "GLU" "NGLU" } { 1 "GLU" "CGLU" }
>>   { 0 "GLY" "NGLY" } { 1 "GLY" "CGLY" }
>>   { 0 "HID" "NHID" } { 1 "HID" "CHID" }
>>   { 0 "HIE" "NHIE" } { 1 "HIE" "CHIE" }
>>   { 0 "HIP" "NHIP" } { 1 "HIP" "CHIP" }
>>   { 0 "ILE" "NILE" } { 1 "ILE" "CILE" }
>>   { 0 "LEU" "NLEU" } { 1 "LEU" "CLEU" }
>>                      { 1 "LYN" "CLYN" }
>>   { 0 "LYS" "NLYS" } { 1 "LYS" "CLYS" }
>>   { 0 "MET" "NMET" } { 1 "MET" "CMET" }
>>   { 0 "NLE" "NNLE" } { 1 "NLE" "CNLE" }
>>   { 0 "PHE" "NPHE" } { 1 "PHE" "CPHE" }
>>   { 0 "PRO" "NPRO" } { 1 "PRO" "CPRO" }
>>   { 0 "SER" "NSER" } { 1 "SER" "CSER" }
>>   { 0 "THR" "NTHR" } { 1 "THR" "CTHR" }
>>   { 0 "TRP" "NTRP" } { 1 "TRP" "CTRP" }
>>   { 0 "TYR" "NTYR" } { 1 "TYR" "CTYR" }
>>   { 0 "VAL" "NVAL" } { 1 "VAL" "CVAL" }
>>   { 0 "HIS" "NHIS" } { 1 "HIS" "CHIS" }
>> 
>> }
>> 
>> #
>> # assume that most often proteins use HIE
>> #
>> NHIS = NHIE
>> HIS = HIE
>> CHIS = CHIE
> 
> source leaprc.water.spce                                   
----- Source: /Users/darian/anaconda3/envs/md/dat/leap/cmd/leaprc.water.spce
----- Source of /Users/darian/anaconda3/envs/md/dat/leap/cmd/leaprc.water.spce done
>> #
>> #       Load water and ions for SPC/E + Joung-Chetham monovalent ions
>> #       + Li/Merz highly charged ions (+2 to +4, 12-6 normal usage set)
>> #
>> addAtomTypes {
>> 	{ "F-"   "F" "sp3" }
>> 	{ "Cl-"  "Cl" "sp3" }
>> 	{ "Br-"  "Br" "sp3" }
>> 	{ "I-"   "I"  "sp3" }
>> 	{ "Li+"  "Li"  "sp3" }
>> 	{ "Na+"  "Na"  "sp3" }
>> 	{ "K+"  "K"  "sp3" }
>> 	{ "Rb+"  "Rb"  "sp3" }
>> 	{ "Cs+"  "Cs"  "sp3" }
>> 	{ "Mg+"  "Mg"  "sp3" }
>>     { "Tl+"  "Tl"  "sp3" }
>>     { "Cu+"  "Cu"  "sp3" }
>>     { "Ag+"  "Ag"  "sp3" }
>>     { "Be2+" "Be"  "sp3" }
>>     { "Cu2+" "Cu"  "sp3" }
>>     { "Ni2+" "Ni"  "sp3" }
>>     { "Pt2+" "Pt"  "sp3" }
>>     { "Zn2+" "Zn"  "sp3" }
>>     { "Co2+" "Co"  "sp3" }
>>     { "Pd2+" "Pd"  "sp3" }
>>     { "Ag2+" "Ag"  "sp3" }
>>     { "Cr2+" "Cr"  "sp3" }
>>     { "Fe2+" "Fe"  "sp3" }
>>     { "Mg2+" "Mg"  "sp3" }
>>     { "V2+"  "V"   "sp3" }
>>     { "Mn2+" "Mn"  "sp3" }
>>     { "Hg2+" "Hg"  "sp3" }
>>     { "Cd2+" "Cd"  "sp3" }
>>     { "Yb2+" "Yb"  "sp3" }
>>     { "Ca2+" "Ca"  "sp3" }
>>     { "Sn2+" "Sn"  "sp3" }
>>     { "Pb2+" "Pb"  "sp3" }
>>     { "Eu2+" "Eu"  "sp3" }
>>     { "Sr2+" "Sr"  "sp3" }
>>     { "Sm2+" "Sm"  "sp3" }
>>     { "Ba2+" "Ba"  "sp3" }
>>     { "Ra2+" "Ra"  "sp3" }
>>     { "Al3+" "Al"  "sp3" }
>>     { "Fe3+" "Fe"  "sp3" }
>>     { "Cr3+" "Cr"  "sp3" }
>>     { "In3+" "In"  "sp3" }
>>     { "Tl3+" "Tl"  "sp3" }
>>     { "Y3+"  "Y"   "sp3" }
>>     { "La3+" "La"  "sp3" }
>>     { "Ce3+" "Ce"  "sp3" }
>>     { "Pr3+" "Pr"  "sp3" }
>>     { "Nd3+" "Nd"  "sp3" }
>>     { "Sm3+" "Sm"  "sp3" }
>>     { "Eu3+" "Eu"  "sp3" }
>>     { "Gd3+" "Gd"  "sp3" }
>>     { "Tb3+" "Tb"  "sp3" }
>>     { "Dy3+" "Dy"  "sp3" }
>>     { "Er3+" "Er"  "sp3" }
>>     { "Tm3+" "Tm"  "sp3" }
>>     { "Lu3+" "Lu"  "sp3" }
>>     { "Hf4+" "Hf"  "sp3" }
>>     { "Zr4+" "Zr"  "sp3" }
>>     { "Ce4+" "Ce"  "sp3" }
>>     { "U4+"  "U"   "sp3" }
>>     { "Pu4+" "Pu"  "sp3" }
>>     { "Th4+" "Th"  "sp3" }
>>     { "OW"   "O"   "sp3" }
>>     { "HW"   "H"   "sp3" }
>> }
>> loadOff atomic_ions.lib
Loading library: /Users/darian/anaconda3/envs/md/dat/leap/lib/atomic_ions.lib
Loading: AG
Loading: AL
Loading: Ag
Loading: BA
Loading: BR
Loading: Be
Loading: CA
Loading: CD
Loading: CE
Loading: CL
Loading: CO
Loading: CR
Loading: CS
Loading: CU
Loading: CU1
Loading: Ce
Loading: Cl-
Loading: Cr
Loading: Dy
Loading: EU
Loading: EU3
Loading: Er
Loading: F
Loading: FE
Loading: FE2
Loading: GD3
Loading: H3O+
Loading: HE+
Loading: HG
Loading: HZ+
Loading: Hf
Loading: IN
Loading: IOD
Loading: K
Loading: K+
Loading: LA
Loading: LI
Loading: LU
Loading: MG
Loading: MN
Loading: NA
Loading: NH4
Loading: NI
Loading: Na+
Loading: Nd
Loading: PB
Loading: PD
Loading: PR
Loading: PT
Loading: Pu
Loading: RB
Loading: Ra
Loading: SM
Loading: SR
Loading: Sm
Loading: Sn
Loading: TB
Loading: TL
Loading: Th
Loading: Tl
Loading: Tm
Loading: U4+
Loading: V2+
Loading: Y
Loading: YB2
Loading: ZN
Loading: Zr
>> loadOff solvents.lib
Loading library: /Users/darian/anaconda3/envs/md/dat/leap/lib/solvents.lib
Loading: CHCL3BOX
Loading: DC4
Loading: FB3
Loading: FB3BOX
Loading: FB4
Loading: FB4BOX
Loading: MEOHBOX
Loading: NMABOX
Loading: O3P
Loading: OP3
Loading: OPC
Loading: OPC3BOX
Loading: OPCBOX
Loading: PL3
Loading: POL3BOX
Loading: QSPCFWBOX
Loading: SPC
Loading: SPCBOX
Loading: SPCFWBOX
Loading: SPF
Loading: SPG
Loading: T4E
Loading: TIP3PBOX
Loading: TIP3PFBOX
Loading: TIP4PBOX
Loading: TIP4PEWBOX
Loading: TIP5PBOX
Loading: TP3
Loading: TP4
Loading: TP5
Loading: TPF
>> HOH = SPC
>> WAT = SPC
>> loadAmberParams frcmod.spce
Loading parameters: /Users/darian/anaconda3/envs/md/dat/leap/parm/frcmod.spce
Reading force field modification type file (frcmod)
Reading title:
This is the additional/replacement parameter set for SPC/E water
>> loadAmberParams frcmod.ionsjc_spce
Loading parameters: /Users/darian/anaconda3/envs/md/dat/leap/parm/frcmod.ionsjc_spce
Reading force field modification type file (frcmod)
Reading title:
Monovalent ion parameters for Ewald and SPC/E water from Joung & Cheatham JPCB (2008)
>> loadAmberParams frcmod.ions234lm_126_spce
Loading parameters: /Users/darian/anaconda3/envs/md/dat/leap/parm/frcmod.ions234lm_126_spce
Reading force field modification type file (frcmod)
Reading title:
Li/Merz ion parameters of divalent to tetravalent ions for SPC/E water model (12-6 normal usage set)
>> 
> 
> mol = loadpdb all_d_b3d_leap.pdb                            
Loading PDB file: ./all_d_b3d_leap.pdb
Matching PDB residue names to LEaP variables.
Mapped residue GLY, term: Terminal/beginning, seq. number: 0 to: NGLY.
Mapped residue SER, term: Terminal/last, seq. number: 172 to: CSER.
  total atoms in file: 2820
> charge mol                                                 
Total unperturbed charge:  -1.000000
Total perturbed charge:    -1.000000
> addions mol Na+ 0                                          
1 Na+ ion required to neutralize.
Adding 1 counter ions to "mol" using 1A grid
Total solute charge:  -1.00  Max atom radius:   2.00
Grid extends from solute vdw + 1.21  to  7.21
Box:
   enclosing:  -26.91 -13.50 -19.48   21.77 44.87 45.56
   sized:			      101.09 114.50 108.52
   edge:        128.00
Resolution:      1.00 Angstrom.
Tree depth: 7
Volume =  1.97% of box, grid points 41390
 (no solvent present)
Calculating grid charges
Placed Na+ in mol at (-10.91, 11.50, 29.52).

Done adding ions.
> addions mol Cl- 0                                          

/Users/darian/anaconda3/envs/md/bin/teLeap: Warning!
addIons: 1st Ion & target unit have charges of the same sign:
     unit charge = -1.11022e-14; ion1 charge = -1;
     can't neutralize.
> solvateoct mol SPCBOX 12.0                                 
Scaling up box by a factor of 1.320463 to meet diagonal cut criterion
  Solute vdw bounding box:              33.712 38.938 58.513
  Total bounding box for atom centers:  90.204 90.204 90.204
      (box expansion for 'iso' is  76.1%)
  Solvent unit box:                     18.774 18.774 18.774
The number of boxes:  x= 5  y= 5  z= 5
  Volume: 379330.624 A^3 (oct)
  Total mass 206515.198 amu,  Density 0.904 g/cc
  Added 10312 residues.
> saveamberparm mol allDb3d_solv.prmtop allDb3d_solv.inpcrd
Checking Unit.
Building topology.
Building atom parameters.
Building bond parameters.
Building angle parameters.
Building proper torsion parameters.
Building improper torsion parameters.
 ** Warning: No sp2 improper torsion term for  C*-CN-CB-CA
        atoms are: CG CE2 CD2 CE3
 ** Warning: No sp2 improper torsion term for  NA-CA-CN-CB
        atoms are: NE1 CZ2 CE2 CD2
 ** Warning: No sp2 improper torsion term for  C*-CN-CB-CA
        atoms are: CG CE2 CD2 CE3
 ** Warning: No sp2 improper torsion term for  NA-CA-CN-CB
        atoms are: NE1 CZ2 CE2 CD2
 ** Warning: No sp2 improper torsion term for  C*-CN-CB-CA
        atoms are: CG CE2 CD2 CE3
 ** Warning: No sp2 improper torsion term for  NA-CA-CN-CB
        atoms are: NE1 CZ2 CE2 CD2
 ** Warning: No sp2 improper torsion term for  C*-CN-CB-CA
        atoms are: CG CE2 CD2 CE3
 ** Warning: No sp2 improper torsion term for  NA-CA-CN-CB
        atoms are: NE1 CZ2 CE2 CD2
 total 656 improper torsions applied
Building H-Bond parameters.
Incorporating Non-Bonded adjustments.
Not Marking per-residue atom chain types.
Marking per-residue atom chain types.
  (Residues lacking connect0/connect1 - 
   these don't have chain types marked:

	res	total affected

	CSER	1
	NGLY	1
	WAT	10312
  )
 (no restraints)
> savepdb mol allDb3d_solv.pdb                              
Writing pdb file: allDb3d_solv.pdb
   printing CRYST1 record to PDB file with box info

/Users/darian/anaconda3/envs/md/bin/teLeap: Warning!
 Converting N-terminal residue name to PDB format: NGLY -> GLY

/Users/darian/anaconda3/envs/md/bin/teLeap: Warning!
 Converting C-terminal residue name to PDB format: CSER -> SER
> quit                                                       
	Quit

Exiting LEaP: Errors = 0; Warnings = 3; Notes = 0.
