-I: Adding /Users/darian/anaconda3/envs/md/dat/leap/prep to search path.
-I: Adding /Users/darian/anaconda3/envs/md/dat/leap/lib to search path.
-I: Adding /Users/darian/anaconda3/envs/md/dat/leap/parm to search path.
-I: Adding /Users/darian/anaconda3/envs/md/dat/leap/cmd to search path.
-f: Source tleap_m.in.

Welcome to LEaP!
(no leaprc in search path)
Sourcing: ./tleap_m.in
----- Source: /Users/darian/anaconda3/envs/md/dat/leap/cmd/leaprc.mimetic.ff15ipq
----- Source of /Users/darian/anaconda3/envs/md/dat/leap/cmd/leaprc.mimetic.ff15ipq done
Log file: ./leap.log
Loading parameters: /Users/darian/anaconda3/envs/md/dat/leap/parm/parm15ipq_10.3.dat
Reading title:
Parm15 developmental parameter set
Loading parameters: /Users/darian/anaconda3/envs/md/dat/leap/parm/frcmod.ff15ipq-m
Reading force field modification type file (frcmod)
Reading title:
ff15ipq-m extended parameter set for artificial residues
Loading library: /Users/darian/anaconda3/envs/md/dat/leap/lib/amino15ipq_10.0.lib
Loading library: /Users/darian/anaconda3/envs/md/dat/leap/lib/aminoct15ipq_10.0.lib
Loading library: /Users/darian/anaconda3/envs/md/dat/leap/lib/aminont15ipq_10.0.lib
Loading library: /Users/darian/anaconda3/envs/md/dat/leap/lib/ff15ipq-m.lib
----- Source: /Users/darian/anaconda3/envs/md/dat/leap/cmd/leaprc.water.spce
----- Source of /Users/darian/anaconda3/envs/md/dat/leap/cmd/leaprc.water.spce done
Loading library: /Users/darian/anaconda3/envs/md/dat/leap/lib/atomic_ions.lib
Loading library: /Users/darian/anaconda3/envs/md/dat/leap/lib/solvents.lib
Loading parameters: /Users/darian/anaconda3/envs/md/dat/leap/parm/frcmod.spce
Reading force field modification type file (frcmod)
Reading title:
This is the additional/replacement parameter set for SPC/E water
Loading parameters: /Users/darian/anaconda3/envs/md/dat/leap/parm/frcmod.ionsjc_spce
Reading force field modification type file (frcmod)
Reading title:
Monovalent ion parameters for Ewald and SPC/E water from Joung & Cheatham JPCB (2008)
Loading parameters: /Users/darian/anaconda3/envs/md/dat/leap/parm/frcmod.ions234lm_126_spce
Reading force field modification type file (frcmod)
Reading title:
Li/Merz ion parameters of divalent to tetravalent ions for SPC/E water model (12-6 normal usage set)
Loading PDB file: ./all_d_b3d_leap.pdb
  total atoms in file: 2820
Total unperturbed charge:  -1.000000
Total perturbed charge:    -1.000000
1 Na+ ion required to neutralize.
Adding 1 counter ions to "mol" using 1A grid
Grid extends from solute vdw + 1.21  to  7.21
Resolution:      1.00 Angstrom.
 (no solvent present)
Calculating grid charges
Placed Na+ in mol at (-10.91, 11.50, 29.52).

Done adding ions.

/Users/darian/anaconda3/envs/md/bin/teLeap: Warning!
addIons: 1st Ion & target unit have charges of the same sign:
     unit charge = -1.11022e-14; ion1 charge = -1;
     can't neutralize.
Scaling up box by a factor of 1.320463 to meet diagonal cut criterion
  Solute vdw bounding box:              33.712 38.938 58.513
  Total bounding box for atom centers:  90.204 90.204 90.204
      (box expansion for 'iso' is  76.1%)
  Solvent unit box:                     18.774 18.774 18.774
  Volume: 379330.624 A^3 (oct)
  Total mass 206515.198 amu,  Density 0.904 g/cc
  Added 10312 residues.
Checking Unit.
Building topology.
Building atom parameters.
Building bond parameters.
Building angle parameters.
Building proper torsion parameters.
Building improper torsion parameters.
 total 656 improper torsions applied
Building H-Bond parameters.
Incorporating Non-Bonded adjustments.
Not Marking per-residue atom chain types.
Marking per-residue atom chain types.
  (Residues lacking connect0/connect1 - 
   these don't have chain types marked:

	res	total affected

	CSER	1
	NGLY	1
	WAT	10312
  )
 (no restraints)
Writing pdb file: allDb3d_solv.pdb
   printing CRYST1 record to PDB file with box info

/Users/darian/anaconda3/envs/md/bin/teLeap: Warning!
 Converting N-terminal residue name to PDB format: NGLY -> GLY

/Users/darian/anaconda3/envs/md/bin/teLeap: Warning!
 Converting C-terminal residue name to PDB format: CSER -> SER
	Quit

Exiting LEaP: Errors = 0; Warnings = 3; Notes = 0.
